# JRE version: OpenJDK Runtime Environment (8.0_242) (build 1.8.0_242-release-1644-b3-6915495)
# Java VM: OpenJDK 64-Bit Server VM (25.242-b3-6915495 mixed mode bsd-amd64 compressed oops)
Heap:
 PSYoungGen      total 549888K, used 378242K [0x0000000795580000, 0x00000007bfe00000, 0x00000007c0000000)
  eden space 400896K, 80% used [0x0000000795580000,0x00000007a8f1e410,0x00000007add00000)
  from space 148992K, 38% used [0x00000007add00000,0x00000007b14c24e8,0x00000007b6e80000)
  to   space 141312K, 0% used [0x00000007b7400000,0x00000007b7400000,0x00000007bfe00000)
 ParOldGen       total 512000K, used 179168K [0x0000000740000000, 0x000000075f400000, 0x0000000795580000)
  object space 512000K, 34% used [0x0000000740000000,0x000000074aef8220,0x000000075f400000)
 Metaspace       used 97029K, capacity 105048K, committed 105240K, reserved 1140736K
  class space    used 12474K, capacity 13791K, committed 13872K, reserved 1048576K
GC Heap History (10 events):
Event: 4885.483 GC heap before
{Heap before GC invocations=49 (full 4):
 PSYoungGen      total 540160K, used 427487K [0x0000000795580000, 0x00000007bf000000, 0x00000007c0000000)
  eden space 412160K, 100% used [0x0000000795580000,0x00000007ae800000,0x00000007ae800000)
  from space 128000K, 11% used [0x00000007b7300000,0x00000007b81f7c80,0x00000007bf000000)
  to   space 135168K, 0% used [0x00000007ae800000,0x00000007ae800000,0x00000007b6c00000)
 ParOldGen       total 512000K, used 178392K [0x0000000740000000, 0x000000075f400000, 0x0000000795580000)
  object space 512000K, 34% used [0x0000000740000000,0x000000074ae36220,0x000000075f400000)
 Metaspace       used 96714K, capacity 104688K, committed 104984K, reserved 1140736K
  class space    used 12453K, capacity 13759K, committed 13872K, reserved 1048576K
Event: 4885.612 GC heap after
Heap after GC invocations=49 (full 4):
 PSYoungGen      total 547328K, used 103300K [0x0000000795580000, 0x00000007c0000000, 0x00000007c0000000)
  eden space 412160K, 0% used [0x0000000795580000,0x0000000795580000,0x00000007ae800000)
  from space 135168K, 76% used [0x00000007ae800000,0x00000007b4ce1328,0x00000007b6c00000)
  to   space 147968K, 0% used [0x00000007b6f80000,0x00000007b6f80000,0x00000007c0000000)
 ParOldGen       total 512000K, used 178456K [0x0000000740000000, 0x000000075f400000, 0x0000000795580000)
  object space 512000K, 34% used [0x0000000740000000,0x000000074ae46220,0x000000075f400000)
 Metaspace       used 96714K, capacity 104688K, committed 104984K, reserved 1140736K
  class space    used 12453K, capacity 13759K, committed 13872K, reserved 1048576K
}
Event: 5083.047 GC heap before
{Heap before GC invocations=50 (full 4):
 PSYoungGen      total 547328K, used 515460K [0x0000000795580000, 0x00000007c0000000, 0x00000007c0000000)
  eden space 412160K, 100% used [0x0000000795580000,0x00000007ae800000,0x00000007ae800000)
  from space 135168K, 76% used [0x00000007ae800000,0x00000007b4ce1328,0x00000007b6c00000)
  to   space 147968K, 0% used [0x00000007b6f80000,0x00000007b6f80000,0x00000007c0000000)
 ParOldGen       total 512000K, used 178456K [0x0000000740000000, 0x000000075f400000, 0x0000000795580000)
  object space 512000K, 34% used [0x0000000740000000,0x000000074ae46220,0x000000075f400000)
 Metaspace       used 96903K, capacity 104852K, committed 104984K, reserved 1140736K
  class space    used 12472K, capacity 13791K, committed 13872K, reserved 1048576K
Event: 5083.099 GC heap after
Heap after GC invocations=50 (full 4):
 PSYoungGen      total 554496K, used 48831K [0x0000000795580000, 0x00000007bfa80000, 0x00000007c0000000)
  eden space 412160K, 0% used [0x0000000795580000,0x0000000795580000,0x00000007ae800000)
  from space 142336K, 34% used [0x00000007b6f80000,0x00000007b9f2fcf8,0x00000007bfa80000)
  to   space 138752K, 0% used [0x00000007ae800000,0x00000007ae800000,0x00000007b6f80000)
 ParOldGen       total 512000K, used 178504K [0x0000000740000000, 0x000000075f400000, 0x0000000795580000)
  object space 512000K, 34% used [0x0000000740000000,0x000000074ae52220,0x000000075f400000)
 Metaspace       used 96903K, capacity 104852K, committed 104984K, reserved 1140736K
  class space    used 12472K, capacity 13791K, committed 13872K, reserved 1048576K
}
Event: 5322.818 GC heap before
{Heap before GC invocations=51 (full 4):
 PSYoungGen      total 554496K, used 460991K [0x0000000795580000, 0x00000007bfa80000, 0x00000007c0000000)
  eden space 412160K, 100% used [0x0000000795580000,0x00000007ae800000,0x00000007ae800000)
  from space 142336K, 34% used [0x00000007b6f80000,0x00000007b9f2fcf8,0x00000007bfa80000)
  to   space 138752K, 0% used [0x00000007ae800000,0x00000007ae800000,0x00000007b6f80000)
 ParOldGen       total 512000K, used 178504K [0x0000000740000000, 0x000000075f400000, 0x0000000795580000)
  object space 512000K, 34% used [0x0000000740000000,0x000000074ae52220,0x000000075f400000)
 Metaspace       used 96926K, capacity 104916K, committed 105240K, reserved 1140736K
  class space    used 12474K, capacity 13791K, committed 13872K, reserved 1048576K
Event: 5322.828 GC heap after
Heap after GC invocations=51 (full 4):
 PSYoungGen      total 550912K, used 15919K [0x0000000795580000, 0x00000007bf680000, 0x00000007c0000000)
  eden space 412160K, 0% used [0x0000000795580000,0x0000000795580000,0x00000007ae800000)
  from space 138752K, 11% used [0x00000007ae800000,0x00000007af78bca0,0x00000007b6f80000)
  to   space 135680K, 0% used [0x00000007b7200000,0x00000007b7200000,0x00000007bf680000)
 ParOldGen       total 512000K, used 179016K [0x0000000740000000, 0x000000075f400000, 0x0000000795580000)
  object space 512000K, 34% used [0x0000000740000000,0x000000074aed2220,0x000000075f400000)
 Metaspace       used 96926K, capacity 104916K, committed 105240K, reserved 1140736K
  class space    used 12474K, capacity 13791K, committed 13872K, reserved 1048576K
}
Event: 5325.789 GC heap before
{Heap before GC invocations=52 (full 4):
 PSYoungGen      total 550912K, used 428077K [0x0000000795580000, 0x00000007bf680000, 0x00000007c0000000)
  eden space 412160K, 99% used [0x0000000795580000,0x00000007ae7ffb48,0x00000007ae800000)
  from space 138752K, 11% used [0x00000007ae800000,0x00000007af78bca0,0x00000007b6f80000)
  to   space 135680K, 0% used [0x00000007b7200000,0x00000007b7200000,0x00000007bf680000)
 ParOldGen       total 512000K, used 179016K [0x0000000740000000, 0x000000075f400000, 0x0000000795580000)
  object space 512000K, 34% used [0x0000000740000000,0x000000074aed2220,0x000000075f400000)
 Metaspace       used 96949K, capacity 104984K, committed 105240K, reserved 1140736K
  class space    used 12474K, capacity 13791K, committed 13872K, reserved 1048576K
Event: 5325.909 GC heap after
Heap after GC invocations=52 (full 4):
 PSYoungGen      total 536576K, used 107320K [0x0000000795580000, 0x00000007c0000000, 0x00000007c0000000)
  eden space 400896K, 0% used [0x0000000795580000,0x0000000795580000,0x00000007add00000)
  from space 135680K, 79% used [0x00000007b7200000,0x00000007bdace138,0x00000007bf680000)
  to   space 148992K, 0% used [0x00000007add00000,0x00000007add00000,0x00000007b6e80000)
 ParOldGen       total 512000K, used 179096K [0x0000000740000000, 0x000000075f400000, 0x0000000795580000)
  object space 512000K, 34% used [0x0000000740000000,0x000000074aee6220,0x000000075f400000)
 Metaspace       used 96949K, capacity 104984K, committed 105240K, reserved 1140736K
  class space    used 12474K, capacity 13791K, committed 13872K, reserved 1048576K
}
Event: 5370.486 GC heap before
{Heap before GC invocations=53 (full 4):
 PSYoungGen      total 536576K, used 508216K [0x0000000795580000, 0x00000007c0000000, 0x00000007c0000000)
  eden space 400896K, 100% used [0x0000000795580000,0x00000007add00000,0x00000007add00000)
  from space 135680K, 79% used [0x00000007b7200000,0x00000007bdace138,0x00000007bf680000)
  to   space 148992K, 0% used [0x00000007add00000,0x00000007add00000,0x00000007b6e80000)
 ParOldGen       total 512000K, used 179096K [0x0000000740000000, 0x000000075f400000, 0x0000000795580000)
  object space 512000K, 34% used [0x0000000740000000,0x000000074aee6220,0x000000075f400000)
 Metaspace       used 97001K, capacity 105048K, committed 105240K, reserved 1140736K
  class space    used 12474K, capacity 13791K, committed 13872K, reserved 1048576K
Event: 5370.534 GC heap after
Heap after GC invocations=53 (full 4):
 PSYoungGen      total 549888K, used 57097K [0x0000000795580000, 0x00000007bfe00000, 0x00000007c0000000)
  eden space 400896K, 0% used [0x0000000795580000,0x0000000795580000,0x00000007add00000)
  from space 148992K, 38% used [0x00000007add00000,0x00000007b14c24e8,0x00000007b6e80000)
  to   space 141312K, 0% used [0x00000007b7400000,0x00000007b7400000,0x00000007bfe00000)
 ParOldGen       total 512000K, used 179168K [0x0000000740000000, 0x000000075f400000, 0x0000000795580000)
  object space 512000K, 34% used [0x0000000740000000,0x000000074aef8220,0x000000075f400000)
 Metaspace       used 97001K, capacity 105048K, committed 105240K, reserved 1140736K
  class space    used 12474K, capacity 13791K, committed 13872K, reserved 1048576K
}

