# JRE version: OpenJDK Runtime Environment (8.0_242) (build 1.8.0_242-release-1644-b3-6915495)
# Java VM: OpenJDK 64-Bit Server VM (25.242-b3-6915495 mixed mode bsd-amd64 compressed oops)
Heap:
 PSYoungGen      total 467456K, used 467428K [0x0000000795580000, 0x00000007c0000000, 0x00000007c0000000)
  eden space 298496K, 100% used [0x0000000795580000,0x00000007a7900000,0x00000007a7900000)
  from space 168960K, 99% used [0x00000007b5b00000,0x00000007bfff9350,0x00000007c0000000)
  to   space 200192K, 36% used [0x00000007a7900000,0x00000007ac047fa8,0x00000007b3c80000)
 ParOldGen       total 358912K, used 244500K [0x0000000740000000, 0x0000000755e80000, 0x0000000795580000)
  object space 358912K, 68% used [0x0000000740000000,0x000000074eec53f8,0x0000000755e80000)
 Metaspace       used 94908K, capacity 102520K, committed 102808K, reserved 1138688K
  class space    used 12379K, capacity 13623K, committed 13744K, reserved 1048576K
GC Heap History (10 events):
Event: 1973.077 GC heap after
Heap after GC invocations=28 (full 4):
 PSYoungGen      total 564736K, used 32085K [0x0000000795580000, 0x00000007bef80000, 0x00000007c0000000)
  eden space 471040K, 0% used [0x0000000795580000,0x0000000795580000,0x00000007b2180000)
  from space 93696K, 34% used [0x00000007b9400000,0x00000007bb355400,0x00000007bef80000)
  to   space 105472K, 0% used [0x00000007b2180000,0x00000007b2180000,0x00000007b8880000)
 ParOldGen       total 358912K, used 149282K [0x0000000740000000, 0x0000000755e80000, 0x0000000795580000)
  object space 358912K, 41% used [0x0000000740000000,0x00000007491c8aa8,0x0000000755e80000)
 Metaspace       used 93058K, capacity 99110K, committed 99224K, reserved 1134592K
  class space    used 12135K, capacity 13172K, committed 13232K, reserved 1048576K
}
Event: 1974.789 GC heap before
{Heap before GC invocations=29 (full 4):
 PSYoungGen      total 564736K, used 503125K [0x0000000795580000, 0x00000007bef80000, 0x00000007c0000000)
  eden space 471040K, 100% used [0x0000000795580000,0x00000007b2180000,0x00000007b2180000)
  from space 93696K, 34% used [0x00000007b9400000,0x00000007bb355400,0x00000007bef80000)
  to   space 105472K, 0% used [0x00000007b2180000,0x00000007b2180000,0x00000007b8880000)
 ParOldGen       total 358912K, used 149282K [0x0000000740000000, 0x0000000755e80000, 0x0000000795580000)
  object space 358912K, 41% used [0x0000000740000000,0x00000007491c8aa8,0x0000000755e80000)
 Metaspace       used 93169K, capacity 99198K, committed 99480K, reserved 1136640K
  class space    used 12135K, capacity 13172K, committed 13232K, reserved 1048576K
Event: 1974.913 GC heap after
Heap after GC invocations=29 (full 4):
 PSYoungGen      total 576512K, used 105465K [0x0000000795580000, 0x00000007c0000000, 0x00000007c0000000)
  eden space 471040K, 0% used [0x0000000795580000,0x0000000795580000,0x00000007b2180000)
  from space 105472K, 99% used [0x00000007b2180000,0x00000007b887e4e0,0x00000007b8880000)
  to   space 122368K, 0% used [0x00000007b8880000,0x00000007b8880000,0x00000007c0000000)
 ParOldGen       total 358912K, used 168834K [0x0000000740000000, 0x0000000755e80000, 0x0000000795580000)
  object space 358912K, 47% used [0x0000000740000000,0x000000074a4e0a50,0x0000000755e80000)
 Metaspace       used 93169K, capacity 99198K, committed 99480K, reserved 1136640K
  class space    used 12135K, capacity 13172K, committed 13232K, reserved 1048576K
}
Event: 2056.268 GC heap before
{Heap before GC invocations=30 (full 4):
 PSYoungGen      total 576512K, used 576505K [0x0000000795580000, 0x00000007c0000000, 0x00000007c0000000)
  eden space 471040K, 100% used [0x0000000795580000,0x00000007b2180000,0x00000007b2180000)
  from space 105472K, 99% used [0x00000007b2180000,0x00000007b887e4e0,0x00000007b8880000)
  to   space 122368K, 0% used [0x00000007b8880000,0x00000007b8880000,0x00000007c0000000)
 ParOldGen       total 358912K, used 168834K [0x0000000740000000, 0x0000000755e80000, 0x0000000795580000)
  object space 358912K, 47% used [0x0000000740000000,0x000000074a4e0a50,0x0000000755e80000)
 Metaspace       used 93328K, capacity 99410K, committed 99480K, reserved 1136640K
  class space    used 12135K, capacity 13172K, committed 13232K, reserved 1048576K
Event: 2056.398 GC heap after
Heap after GC invocations=30 (full 4):
 PSYoungGen      total 485376K, used 122364K [0x0000000795580000, 0x00000007c0000000, 0x00000007c0000000)
  eden space 363008K, 0% used [0x0000000795580000,0x0000000795580000,0x00000007ab800000)
  from space 122368K, 99% used [0x00000007b8880000,0x00000007bffff1d8,0x00000007c0000000)
  to   space 167936K, 0% used [0x00000007ab800000,0x00000007ab800000,0x00000007b5c00000)
 ParOldGen       total 358912K, used 220964K [0x0000000740000000, 0x0000000755e80000, 0x0000000795580000)
  object space 358912K, 61% used [0x0000000740000000,0x000000074d7c90b0,0x0000000755e80000)
 Metaspace       used 93328K, capacity 99410K, committed 99480K, reserved 1136640K
  class space    used 12135K, capacity 13172K, committed 13232K, reserved 1048576K
}
Event: 2097.168 GC heap before
{Heap before GC invocations=31 (full 4):
 PSYoungGen      total 485376K, used 485372K [0x0000000795580000, 0x00000007c0000000, 0x00000007c0000000)
  eden space 363008K, 100% used [0x0000000795580000,0x00000007ab800000,0x00000007ab800000)
  from space 122368K, 99% used [0x00000007b8880000,0x00000007bffff1d8,0x00000007c0000000)
  to   space 167936K, 0% used [0x00000007ab800000,0x00000007ab800000,0x00000007b5c00000)
 ParOldGen       total 358912K, used 220964K [0x0000000740000000, 0x0000000755e80000, 0x0000000795580000)
  object space 358912K, 61% used [0x0000000740000000,0x000000074d7c90b0,0x0000000755e80000)
 Metaspace       used 93482K, capacity 99610K, committed 99736K, reserved 1136640K
  class space    used 12136K, capacity 13172K, committed 13232K, reserved 1048576K
Event: 2097.270 GC heap after
Heap after GC invocations=31 (full 4):
 PSYoungGen      total 456192K, used 92988K [0x0000000795580000, 0x00000007c0000000, 0x00000007c0000000)
  eden space 363008K, 0% used [0x0000000795580000,0x0000000795580000,0x00000007ab800000)
  from space 93184K, 99% used [0x00000007ab800000,0x00000007b12cf330,0x00000007b1300000)
  to   space 168960K, 0% used [0x00000007b5b00000,0x00000007b5b00000,0x00000007c0000000)
 ParOldGen       total 358912K, used 235001K [0x0000000740000000, 0x0000000755e80000, 0x0000000795580000)
  object space 358912K, 65% used [0x0000000740000000,0x000000074e57e620,0x0000000755e80000)
 Metaspace       used 93482K, capacity 99610K, committed 99736K, reserved 1136640K
  class space    used 12136K, capacity 13172K, committed 13232K, reserved 1048576K
}
Event: 2098.799 GC heap before
{Heap before GC invocations=32 (full 4):
 PSYoungGen      total 456192K, used 455996K [0x0000000795580000, 0x00000007c0000000, 0x00000007c0000000)
  eden space 363008K, 100% used [0x0000000795580000,0x00000007ab800000,0x00000007ab800000)
  from space 93184K, 99% used [0x00000007ab800000,0x00000007b12cf330,0x00000007b1300000)
  to   space 168960K, 0% used [0x00000007b5b00000,0x00000007b5b00000,0x00000007c0000000)
 ParOldGen       total 358912K, used 235001K [0x0000000740000000, 0x0000000755e80000, 0x0000000795580000)
  object space 358912K, 65% used [0x0000000740000000,0x000000074e57e620,0x0000000755e80000)
 Metaspace       used 93622K, capacity 99738K, committed 99992K, reserved 1136640K
  class space    used 12136K, capacity 13172K, committed 13232K, reserved 1048576K
Event: 2098.921 GC heap after
Heap after GC invocations=32 (full 4):
 PSYoungGen      total 467456K, used 168932K [0x0000000795580000, 0x00000007c0000000, 0x00000007c0000000)
  eden space 298496K, 0% used [0x0000000795580000,0x0000000795580000,0x00000007a7900000)
  from space 168960K, 99% used [0x00000007b5b00000,0x00000007bfff9350,0x00000007c0000000)
  to   space 200192K, 0% used [0x00000007a7900000,0x00000007a7900000,0x00000007b3c80000)
 ParOldGen       total 358912K, used 244372K [0x0000000740000000, 0x0000000755e80000, 0x0000000795580000)
  object space 358912K, 68% used [0x0000000740000000,0x000000074eea53e8,0x0000000755e80000)
 Metaspace       used 93622K, capacity 99738K, committed 99992K, reserved 1136640K
  class space    used 12136K, capacity 13172K, committed 13232K, reserved 1048576K
}
Event: 2178.173 GC heap before
{Heap before GC invocations=33 (full 4):
 PSYoungGen      total 467456K, used 467428K [0x0000000795580000, 0x00000007c0000000, 0x00000007c0000000)
  eden space 298496K, 100% used [0x0000000795580000,0x00000007a7900000,0x00000007a7900000)
  from space 168960K, 99% used [0x00000007b5b00000,0x00000007bfff9350,0x00000007c0000000)
  to   space 200192K, 0% used [0x00000007a7900000,0x00000007a7900000,0x00000007b3c80000)
 ParOldGen       total 358912K, used 244372K [0x0000000740000000, 0x0000000755e80000, 0x0000000795580000)
  object space 358912K, 68% used [0x0000000740000000,0x000000074eea53e8,0x0000000755e80000)
 Metaspace       used 94908K, capacity 102520K, committed 102808K, reserved 1138688K
  class space    used 12379K, capacity 13623K, committed 13744K, reserved 1048576K

